2023-11-20 11:31:53,018 DSAMP conftest.py 71 INFO : 测试类开始执行
2023-11-20 11:31:54,084 DSAMP basepage.py 34 INFO : 访问网页：https://10.45.116.152/#/login
2023-11-20 11:31:54,250 DSAMP basepage.py 67 INFO : 元素内容被清空：//input[@placeholder='请输入用户名']
2023-11-20 11:31:54,309 DSAMP basepage.py 77 INFO : 元素被输入内容：//input[@placeholder='请输入用户名']
2023-11-20 11:31:54,436 DSAMP basepage.py 67 INFO : 元素内容被清空：//input[@placeholder='请输入登录密码']
2023-11-20 11:31:54,515 DSAMP basepage.py 77 INFO : 元素被输入内容：//input[@placeholder='请输入登录密码']
2023-11-20 11:31:54,554 DSAMP basepage.py 56 INFO : 单击元素：//button[contains(@class,'login-btn')]
2023-11-20 11:31:56,556 DSAMP basepage.py 87 INFO : 小睡
2023-11-20 11:31:56,578 DSAMP basepage.py 97 INFO : 元素定位成功：//img[@class='slide-canvas']
2023-11-20 11:31:56,639 DSAMP basepage.py 97 INFO : 元素定位成功：//img[@class='slide-block']
2023-11-20 11:31:56,682 DSAMP basepage.py 97 INFO : 元素定位成功：//div[@id='slider-button']
2023-11-20 11:32:03,453 DSAMP basepage.py 87 INFO : 小睡
2023-11-20 11:32:13,881 DSAMP basepage.py 56 INFO : 单击元素：//button[contains(@class,'login-btn')]
2023-11-20 11:32:15,883 DSAMP basepage.py 87 INFO : 小睡
2023-11-20 11:32:15,897 DSAMP basepage.py 97 INFO : 元素定位成功：//img[@class='slide-canvas']
2023-11-20 11:32:15,939 DSAMP basepage.py 97 INFO : 元素定位成功：//img[@class='slide-block']
2023-11-20 11:32:15,974 DSAMP basepage.py 97 INFO : 元素定位成功：//div[@id='slider-button']
2023-11-20 11:32:23,505 DSAMP basepage.py 87 INFO : 小睡
2023-11-20 11:32:33,823 DSAMP basepage.py 56 INFO : 单击元素：//button[contains(@class,'login-btn')]
2023-11-20 11:32:35,825 DSAMP basepage.py 87 INFO : 小睡
2023-11-20 11:32:35,854 DSAMP basepage.py 97 INFO : 元素定位成功：//img[@class='slide-canvas']
2023-11-20 11:32:35,911 DSAMP basepage.py 97 INFO : 元素定位成功：//img[@class='slide-block']
2023-11-20 11:32:35,946 DSAMP basepage.py 97 INFO : 元素定位成功：//div[@id='slider-button']
2023-11-20 11:32:43,197 DSAMP basepage.py 87 INFO : 小睡
2023-11-20 11:32:43,213 DSAMP basepage.py 97 INFO : 元素定位成功：//div[@class='menu']
2023-11-20 11:32:43,245 DSAMP conftest.py 74 INFO : 已成功登录
