2023-11-20 14:28:00,998 DSAMP conftest.py 71 INFO : 测试类开始执行
2023-11-20 14:28:01,284 DSAMP basepage.py 35 INFO : 访问网页：https://10.45.116.152/#/login
2023-11-20 14:28:02,324 DSAMP basepage.py 68 INFO : 元素内容被清空：//input[@placeholder='请输入用户名']
2023-11-20 14:28:02,379 DSAMP basepage.py 78 INFO : 元素被输入内容：//input[@placeholder='请输入用户名']
2023-11-20 14:28:02,515 DSAMP basepage.py 68 INFO : 元素内容被清空：//input[@placeholder='请输入登录密码']
2023-11-20 14:28:02,601 DSAMP basepage.py 78 INFO : 元素被输入内容：//input[@placeholder='请输入登录密码']
2023-11-20 14:28:02,641 DSAMP basepage.py 57 INFO : 单击元素：//button[contains(@class,'login-btn')]
2023-11-20 14:28:04,642 DSAMP basepage.py 88 INFO : 小睡
2023-11-20 14:28:04,664 DSAMP basepage.py 98 INFO : 元素定位成功：//img[@class='slide-canvas']
2023-11-20 14:28:04,717 DSAMP basepage.py 98 INFO : 元素定位成功：//img[@class='slide-block']
2023-11-20 14:28:04,762 DSAMP basepage.py 98 INFO : 元素定位成功：//div[@id='slider-button']
2023-11-20 14:28:10,448 DSAMP basepage.py 88 INFO : 小睡
2023-11-20 14:28:20,734 DSAMP basepage.py 57 INFO : 单击元素：//button[contains(@class,'login-btn')]
2023-11-20 14:28:22,735 DSAMP basepage.py 88 INFO : 小睡
2023-11-20 14:28:22,751 DSAMP basepage.py 98 INFO : 元素定位成功：//img[@class='slide-canvas']
2023-11-20 14:28:22,793 DSAMP basepage.py 98 INFO : 元素定位成功：//img[@class='slide-block']
2023-11-20 14:28:22,828 DSAMP basepage.py 98 INFO : 元素定位成功：//div[@id='slider-button']
2023-11-20 14:28:27,734 DSAMP basepage.py 88 INFO : 小睡
2023-11-20 14:28:38,001 DSAMP basepage.py 57 INFO : 单击元素：//button[contains(@class,'login-btn')]
2023-11-20 14:28:40,001 DSAMP basepage.py 88 INFO : 小睡
2023-11-20 14:28:40,017 DSAMP basepage.py 98 INFO : 元素定位成功：//img[@class='slide-canvas']
2023-11-20 14:28:40,062 DSAMP basepage.py 98 INFO : 元素定位成功：//img[@class='slide-block']
2023-11-20 14:28:40,097 DSAMP basepage.py 98 INFO : 元素定位成功：//div[@id='slider-button']
2023-11-20 14:28:45,800 DSAMP basepage.py 88 INFO : 小睡
2023-11-20 14:28:56,077 DSAMP basepage.py 57 INFO : 单击元素：//button[contains(@class,'login-btn')]
2023-11-20 14:28:58,078 DSAMP basepage.py 88 INFO : 小睡
2023-11-20 14:28:58,091 DSAMP basepage.py 98 INFO : 元素定位成功：//img[@class='slide-canvas']
2023-11-20 14:28:58,125 DSAMP basepage.py 98 INFO : 元素定位成功：//img[@class='slide-block']
2023-11-20 14:28:58,156 DSAMP basepage.py 98 INFO : 元素定位成功：//div[@id='slider-button']
2023-11-20 14:29:05,678 DSAMP basepage.py 88 INFO : 小睡
2023-11-20 14:29:15,932 DSAMP basepage.py 57 INFO : 单击元素：//button[contains(@class,'login-btn')]
2023-11-20 14:29:17,933 DSAMP basepage.py 88 INFO : 小睡
2023-11-20 14:29:17,945 DSAMP basepage.py 98 INFO : 元素定位成功：//img[@class='slide-canvas']
2023-11-20 14:29:17,977 DSAMP basepage.py 98 INFO : 元素定位成功：//img[@class='slide-block']
2023-11-20 14:29:18,011 DSAMP basepage.py 98 INFO : 元素定位成功：//div[@id='slider-button']
2023-11-20 14:29:26,296 DSAMP basepage.py 88 INFO : 小睡
2023-11-20 14:29:36,595 DSAMP basepage.py 57 INFO : 单击元素：//button[contains(@class,'login-btn')]
2023-11-20 14:29:38,595 DSAMP basepage.py 88 INFO : 小睡
2023-11-20 14:29:38,611 DSAMP basepage.py 98 INFO : 元素定位成功：//img[@class='slide-canvas']
2023-11-20 14:29:38,661 DSAMP basepage.py 98 INFO : 元素定位成功：//img[@class='slide-block']
2023-11-20 14:29:38,694 DSAMP basepage.py 98 INFO : 元素定位成功：//div[@id='slider-button']
2023-11-20 14:29:45,943 DSAMP basepage.py 88 INFO : 小睡
2023-11-20 14:29:45,991 DSAMP basepage.py 98 INFO : 元素定位成功：//div[@class='menu']
2023-11-20 14:29:46,062 DSAMP conftest.py 74 INFO : 已成功登录
2023-11-20 14:29:46,724 DSAMP basepage.py 57 INFO : 单击元素：//span[text()='数据资产管理']
2023-11-20 14:29:48,725 DSAMP basepage.py 88 INFO : 小睡
2023-11-20 14:29:48,765 DSAMP basepage.py 57 INFO : 单击元素：//span[text()='数据库授权']
2023-11-20 14:29:50,767 DSAMP basepage.py 88 INFO : 小睡
2023-11-20 14:29:50,812 DSAMP basepage.py 57 INFO : 单击元素：//div[text()='元数据发现设置']
2023-11-20 14:29:50,929 DSAMP basepage.py 57 INFO : 单击元素：//div[text()='创建任务']
2023-11-20 14:29:52,930 DSAMP basepage.py 88 INFO : 小睡
2023-11-20 14:29:52,974 DSAMP basepage.py 57 INFO : 单击元素：//label[text()='扫描对象']/..//input
2023-11-20 14:29:54,975 DSAMP basepage.py 88 INFO : 小睡
2023-11-20 14:29:55,013 DSAMP basepage.py 57 INFO : 单击元素：//div[contains(@style,'position')]//span[contains(text(),'Autotest11_MySQL')]
2023-11-20 14:29:57,014 DSAMP basepage.py 88 INFO : 小睡
2023-11-20 14:29:57,045 DSAMP basepage.py 57 INFO : 单击元素：//label[text()='扫描对象']/..//input
2023-11-20 14:29:59,045 DSAMP basepage.py 88 INFO : 小睡
2023-11-20 14:29:59,078 DSAMP basepage.py 57 INFO : 单击元素：//span[text()='确定并执行']
2023-11-20 14:30:01,080 DSAMP basepage.py 88 INFO : 小睡
2023-11-20 14:30:01,185 DSAMP basepage.py 57 INFO : 单击元素：//div[text()='数据库管理']
2023-11-20 14:30:03,186 DSAMP basepage.py 88 INFO : 小睡
2023-11-20 14:30:03,268 DSAMP basepage.py 57 INFO : 单击元素：//div[text()='元数据发现设置']
2023-11-20 14:30:05,270 DSAMP basepage.py 88 INFO : 小睡
2023-11-20 14:30:05,345 DSAMP basepage.py 57 INFO : 单击元素：//i[@class='el-icon el-icon-arrow-right']
2023-11-20 14:32:05,520 DSAMP basepage.py 57 INFO : 单击元素：//div[text()='数据库管理']
2023-11-20 14:32:07,521 DSAMP basepage.py 88 INFO : 小睡
2023-11-20 14:32:07,602 DSAMP basepage.py 57 INFO : 单击元素：//div[text()='元数据发现设置']
2023-11-20 14:32:09,603 DSAMP basepage.py 88 INFO : 小睡
2023-11-20 14:32:09,650 DSAMP basepage.py 57 INFO : 单击元素：//i[@class='el-icon el-icon-arrow-right']
2023-11-20 14:34:10,016 DSAMP basepage.py 57 INFO : 单击元素：//div[text()='数据库管理']
2023-11-20 14:34:12,018 DSAMP basepage.py 88 INFO : 小睡
2023-11-20 14:34:12,094 DSAMP basepage.py 57 INFO : 单击元素：//div[text()='元数据发现设置']
2023-11-20 14:34:14,094 DSAMP basepage.py 88 INFO : 小睡
2023-11-20 14:34:14,152 DSAMP basepage.py 57 INFO : 单击元素：//i[@class='el-icon el-icon-arrow-right']
2023-11-20 14:36:14,421 DSAMP basepage.py 57 INFO : 单击元素：//div[text()='数据库管理']
2023-11-20 14:36:16,423 DSAMP basepage.py 88 INFO : 小睡
2023-11-20 14:36:16,492 DSAMP basepage.py 57 INFO : 单击元素：//div[text()='元数据发现设置']
2023-11-20 14:36:18,493 DSAMP basepage.py 88 INFO : 小睡
2023-11-20 14:36:18,533 DSAMP basepage.py 57 INFO : 单击元素：//i[@class='el-icon el-icon-arrow-right']
2023-11-20 14:38:19,131 DSAMP basepage.py 57 INFO : 单击元素：//div[text()='数据库管理']
2023-11-20 14:38:21,133 DSAMP basepage.py 88 INFO : 小睡
2023-11-20 14:38:21,202 DSAMP basepage.py 57 INFO : 单击元素：//div[text()='元数据发现设置']
2023-11-20 14:38:23,202 DSAMP basepage.py 88 INFO : 小睡
2023-11-20 14:38:23,242 DSAMP basepage.py 57 INFO : 单击元素：//i[@class='el-icon el-icon-arrow-right']
2023-11-20 14:40:23,806 DSAMP basepage.py 57 INFO : 单击元素：//div[text()='数据库管理']
2023-11-20 14:40:25,807 DSAMP basepage.py 88 INFO : 小睡
2023-11-20 14:40:25,872 DSAMP basepage.py 57 INFO : 单击元素：//div[text()='元数据发现设置']
2023-11-20 14:40:27,873 DSAMP basepage.py 88 INFO : 小睡
2023-11-20 14:40:27,912 DSAMP basepage.py 57 INFO : 单击元素：//i[@class='el-icon el-icon-arrow-right']
2023-11-20 14:42:28,360 DSAMP basepage.py 57 INFO : 单击元素：//div[text()='数据库管理']
2023-11-20 14:42:30,361 DSAMP basepage.py 88 INFO : 小睡
2023-11-20 14:42:30,425 DSAMP basepage.py 57 INFO : 单击元素：//div[text()='元数据发现设置']
2023-11-20 14:42:32,426 DSAMP basepage.py 88 INFO : 小睡
2023-11-20 14:42:32,476 DSAMP basepage.py 57 INFO : 单击元素：//i[@class='el-icon el-icon-arrow-right']
2023-11-20 14:44:32,743 DSAMP basepage.py 57 INFO : 单击元素：//div[text()='数据库管理']
2023-11-20 14:44:34,745 DSAMP basepage.py 88 INFO : 小睡
2023-11-20 14:44:34,813 DSAMP basepage.py 57 INFO : 单击元素：//div[text()='元数据发现设置']
2023-11-20 14:44:36,814 DSAMP basepage.py 88 INFO : 小睡
2023-11-20 14:44:36,853 DSAMP basepage.py 57 INFO : 单击元素：//i[@class='el-icon el-icon-arrow-right']
2023-11-20 14:46:37,003 DSAMP basepage.py 57 INFO : 单击元素：//div[text()='数据库管理']
2023-11-20 14:46:39,004 DSAMP basepage.py 88 INFO : 小睡
2023-11-20 14:46:39,072 DSAMP basepage.py 57 INFO : 单击元素：//div[text()='元数据发现设置']
2023-11-20 14:46:41,073 DSAMP basepage.py 88 INFO : 小睡
2023-11-20 14:46:41,114 DSAMP basepage.py 57 INFO : 单击元素：//i[@class='el-icon el-icon-arrow-right']
2023-11-20 14:48:41,514 DSAMP basepage.py 57 INFO : 单击元素：//div[text()='数据库管理']
2023-11-20 14:48:43,516 DSAMP basepage.py 88 INFO : 小睡
2023-11-20 14:48:43,579 DSAMP basepage.py 57 INFO : 单击元素：//div[text()='元数据发现设置']
2023-11-20 14:48:45,580 DSAMP basepage.py 88 INFO : 小睡
2023-11-20 14:48:45,617 DSAMP basepage.py 57 INFO : 单击元素：//i[@class='el-icon el-icon-arrow-right']
2023-11-20 14:50:46,104 DSAMP basepage.py 57 INFO : 单击元素：//div[text()='数据库管理']
2023-11-20 14:50:48,106 DSAMP basepage.py 88 INFO : 小睡
2023-11-20 14:50:48,168 DSAMP basepage.py 57 INFO : 单击元素：//div[text()='元数据发现设置']
2023-11-20 14:50:50,170 DSAMP basepage.py 88 INFO : 小睡
2023-11-20 14:50:50,230 DSAMP basepage.py 57 INFO : 单击元素：//i[@class='el-icon el-icon-arrow-right']
2023-11-20 14:50:50,272 DSAMP basepage.py 237 INFO : 断言成功
2023-11-20 14:50:50,327 DSAMP basepage.py 57 INFO : 单击元素：//span[text()='查看']
2023-11-20 14:50:52,327 DSAMP basepage.py 88 INFO : 小睡
2023-11-20 14:50:52,341 DSAMP basepage.py 237 INFO : 断言成功
2023-11-20 14:50:52,389 DSAMP basepage.py 57 INFO : 单击元素：//span[text()='数据资产管理']
2023-11-20 14:50:54,390 DSAMP basepage.py 88 INFO : 小睡
2023-11-20 14:50:54,473 DSAMP basepage.py 57 INFO : 单击元素：//span[text()='数据库授权']
2023-11-20 14:50:56,473 DSAMP basepage.py 88 INFO : 小睡
2023-11-20 14:50:56,499 DSAMP basepage.py 57 INFO : 单击元素：//div[text()='元数据发现设置']
2023-11-20 14:50:56,545 DSAMP basepage.py 57 INFO : 单击元素：//div[text()='创建任务']
2023-11-20 14:50:58,546 DSAMP basepage.py 88 INFO : 小睡
2023-11-20 14:50:58,588 DSAMP basepage.py 57 INFO : 单击元素：//label[text()='扫描对象']/..//input
2023-11-20 14:51:00,589 DSAMP basepage.py 88 INFO : 小睡
2023-11-20 14:51:00,625 DSAMP basepage.py 57 INFO : 单击元素：//div[contains(@style,'position')]//span[contains(text(),'Autotest11_PostgreSQL')]
2023-11-20 14:51:02,626 DSAMP basepage.py 88 INFO : 小睡
2023-11-20 14:51:02,657 DSAMP basepage.py 57 INFO : 单击元素：//label[text()='扫描对象']/..//input
2023-11-20 14:51:04,658 DSAMP basepage.py 88 INFO : 小睡
2023-11-20 14:51:04,692 DSAMP basepage.py 57 INFO : 单击元素：//span[text()='确定并执行']
2023-11-20 14:51:06,694 DSAMP basepage.py 88 INFO : 小睡
2023-11-20 14:51:06,763 DSAMP basepage.py 57 INFO : 单击元素：//div[text()='数据库管理']
2023-11-20 14:51:08,764 DSAMP basepage.py 88 INFO : 小睡
2023-11-20 14:51:08,824 DSAMP basepage.py 57 INFO : 单击元素：//div[text()='元数据发现设置']
2023-11-20 14:51:10,825 DSAMP basepage.py 88 INFO : 小睡
2023-11-20 14:51:10,861 DSAMP basepage.py 57 INFO : 单击元素：//i[@class='el-icon el-icon-arrow-right']
2023-11-20 14:51:10,896 DSAMP basepage.py 237 INFO : 断言成功
2023-11-20 14:51:10,982 DSAMP basepage.py 57 INFO : 单击元素：//span[text()='查看']
2023-11-20 14:51:12,984 DSAMP basepage.py 88 INFO : 小睡
2023-11-20 14:52:13,027 DSAMP basepage.py 239 ERROR : 断言失败
2023-11-20 14:52:13,314 DSAMP basepage.py 210 INFO : 完成屏幕截图，图片文件名为D:\pythonworkspace\Auto_test_5\image\2023-11-20-14-52-13.png
2023-11-20 14:52:13,469 DSAMP basepage.py 223 INFO : 在测试报告中附加截图
2023-11-20 14:52:14,526 DSAMP basepage.py 57 INFO : 单击元素：//span[text()='数据资产管理']
2023-11-20 14:52:16,527 DSAMP basepage.py 88 INFO : 小睡
2023-11-20 14:52:16,624 DSAMP basepage.py 57 INFO : 单击元素：//span[text()='数据库授权']
2023-11-20 14:52:18,625 DSAMP basepage.py 88 INFO : 小睡
2023-11-20 14:52:18,654 DSAMP basepage.py 57 INFO : 单击元素：//div[text()='元数据发现设置']
2023-11-20 14:52:18,705 DSAMP basepage.py 57 INFO : 单击元素：//div[text()='创建任务']
2023-11-20 14:52:20,706 DSAMP basepage.py 88 INFO : 小睡
2023-11-20 14:52:20,789 DSAMP basepage.py 57 INFO : 单击元素：//label[text()='扫描对象']/..//input
2023-11-20 14:52:22,790 DSAMP basepage.py 88 INFO : 小睡
2023-11-20 14:52:33,117 DSAMP basepage.py 57 INFO : 单击元素：//span[text()='数据资产管理']
2023-11-20 14:52:35,118 DSAMP basepage.py 88 INFO : 小睡
2023-11-20 14:52:35,147 DSAMP basepage.py 57 INFO : 单击元素：//span[text()='数据库授权']
2023-11-20 14:52:37,148 DSAMP basepage.py 88 INFO : 小睡
2023-11-20 14:52:37,176 DSAMP basepage.py 57 INFO : 单击元素：//div[text()='元数据发现设置']
2023-11-20 14:52:37,196 DSAMP basepage.py 57 INFO : 单击元素：//div[text()='创建任务']
2023-11-20 14:52:39,196 DSAMP basepage.py 88 INFO : 小睡
2023-11-20 14:52:39,231 DSAMP basepage.py 57 INFO : 单击元素：//label[text()='扫描对象']/..//input
2023-11-20 14:52:41,233 DSAMP basepage.py 88 INFO : 小睡
2023-11-20 14:52:51,580 DSAMP basepage.py 57 INFO : 单击元素：//span[text()='数据资产管理']
2023-11-20 14:52:53,582 DSAMP basepage.py 88 INFO : 小睡
2023-11-20 14:52:53,618 DSAMP basepage.py 57 INFO : 单击元素：//span[text()='数据库授权']
2023-11-20 14:52:55,619 DSAMP basepage.py 88 INFO : 小睡
2023-11-20 14:52:55,648 DSAMP basepage.py 57 INFO : 单击元素：//div[text()='元数据发现设置']
2023-11-20 14:52:55,670 DSAMP basepage.py 57 INFO : 单击元素：//div[text()='创建任务']
2023-11-20 14:52:57,671 DSAMP basepage.py 88 INFO : 小睡
2023-11-20 14:52:57,714 DSAMP basepage.py 57 INFO : 单击元素：//label[text()='扫描对象']/..//input
2023-11-20 14:52:59,715 DSAMP basepage.py 88 INFO : 小睡
2023-11-20 14:52:59,766 DSAMP basepage.py 57 INFO : 单击元素：//div[contains(@style,'position')]//span[contains(text(),'Autotest11_clickhouse')]
2023-11-20 14:53:01,768 DSAMP basepage.py 88 INFO : 小睡
2023-11-20 14:53:01,798 DSAMP basepage.py 57 INFO : 单击元素：//label[text()='扫描对象']/..//input
2023-11-20 14:53:03,799 DSAMP basepage.py 88 INFO : 小睡
2023-11-20 14:53:03,843 DSAMP basepage.py 57 INFO : 单击元素：//span[text()='确定并执行']
2023-11-20 14:53:05,844 DSAMP basepage.py 88 INFO : 小睡
2023-11-20 14:53:05,940 DSAMP basepage.py 57 INFO : 单击元素：//div[text()='数据库管理']
2023-11-20 14:53:07,941 DSAMP basepage.py 88 INFO : 小睡
2023-11-20 14:53:08,004 DSAMP basepage.py 57 INFO : 单击元素：//div[text()='元数据发现设置']
2023-11-20 14:53:10,005 DSAMP basepage.py 88 INFO : 小睡
2023-11-20 14:53:10,067 DSAMP basepage.py 57 INFO : 单击元素：//i[@class='el-icon el-icon-arrow-right']
2023-11-20 14:53:10,118 DSAMP basepage.py 237 INFO : 断言成功
2023-11-20 14:53:10,201 DSAMP basepage.py 57 INFO : 单击元素：//span[text()='查看']
2023-11-20 14:53:12,203 DSAMP basepage.py 88 INFO : 小睡
2023-11-20 14:54:12,212 DSAMP basepage.py 239 ERROR : 断言失败
2023-11-20 14:54:12,375 DSAMP basepage.py 210 INFO : 完成屏幕截图，图片文件名为D:\pythonworkspace\Auto_test_5\image\2023-11-20-14-54-12.png
2023-11-20 14:54:12,538 DSAMP basepage.py 223 INFO : 在测试报告中附加截图
2023-11-20 14:54:12,602 DSAMP basepage.py 57 INFO : 单击元素：//span[text()='数据资产管理']
2023-11-20 14:54:14,603 DSAMP basepage.py 88 INFO : 小睡
2023-11-20 14:54:14,681 DSAMP basepage.py 57 INFO : 单击元素：//span[text()='数据库授权']
2023-11-20 14:54:16,682 DSAMP basepage.py 88 INFO : 小睡
2023-11-20 14:54:16,705 DSAMP basepage.py 57 INFO : 单击元素：//div[text()='元数据发现设置']
2023-11-20 14:54:16,746 DSAMP basepage.py 57 INFO : 单击元素：//div[text()='创建任务']
2023-11-20 14:54:18,748 DSAMP basepage.py 88 INFO : 小睡
2023-11-20 14:54:18,786 DSAMP basepage.py 57 INFO : 单击元素：//label[text()='扫描对象']/..//input
2023-11-20 14:54:20,787 DSAMP basepage.py 88 INFO : 小睡
2023-11-20 14:54:20,826 DSAMP basepage.py 57 INFO : 单击元素：//div[contains(@style,'position')]//span[contains(text(),'Autotest11_DB2')]
2023-11-20 14:54:22,831 DSAMP basepage.py 88 INFO : 小睡
2023-11-20 14:54:22,887 DSAMP basepage.py 57 INFO : 单击元素：//label[text()='扫描对象']/..//input
2023-11-20 14:54:24,888 DSAMP basepage.py 88 INFO : 小睡
2023-11-20 14:54:24,923 DSAMP basepage.py 57 INFO : 单击元素：//span[text()='确定并执行']
2023-11-20 14:54:26,924 DSAMP basepage.py 88 INFO : 小睡
2023-11-20 14:54:27,016 DSAMP basepage.py 57 INFO : 单击元素：//div[text()='数据库管理']
2023-11-20 14:54:29,018 DSAMP basepage.py 88 INFO : 小睡
2023-11-20 14:54:29,090 DSAMP basepage.py 57 INFO : 单击元素：//div[text()='元数据发现设置']
2023-11-20 14:54:31,090 DSAMP basepage.py 88 INFO : 小睡
2023-11-20 14:54:31,130 DSAMP basepage.py 57 INFO : 单击元素：//i[@class='el-icon el-icon-arrow-right']
2023-11-20 14:54:31,173 DSAMP basepage.py 237 INFO : 断言成功
2023-11-20 14:54:31,261 DSAMP basepage.py 57 INFO : 单击元素：//span[text()='查看']
2023-11-20 14:54:33,262 DSAMP basepage.py 88 INFO : 小睡
2023-11-20 14:54:53,833 DSAMP basepage.py 237 INFO : 断言成功
2023-11-20 14:54:53,893 DSAMP basepage.py 57 INFO : 单击元素：//span[text()='数据资产管理']
2023-11-20 14:54:55,894 DSAMP basepage.py 88 INFO : 小睡
2023-11-20 14:54:55,971 DSAMP basepage.py 57 INFO : 单击元素：//span[text()='数据库授权']
2023-11-20 14:54:57,972 DSAMP basepage.py 88 INFO : 小睡
2023-11-20 14:54:58,009 DSAMP basepage.py 57 INFO : 单击元素：//div[text()='元数据发现设置']
2023-11-20 14:54:58,095 DSAMP basepage.py 57 INFO : 单击元素：//div[text()='创建任务']
2023-11-20 14:55:00,096 DSAMP basepage.py 88 INFO : 小睡
2023-11-20 14:55:00,140 DSAMP basepage.py 57 INFO : 单击元素：//label[text()='扫描对象']/..//input
2023-11-20 14:55:02,142 DSAMP basepage.py 88 INFO : 小睡
2023-11-20 14:55:02,180 DSAMP basepage.py 57 INFO : 单击元素：//div[contains(@style,'position')]//span[contains(text(),'Autotest11_GBase')]
2023-11-20 14:55:04,181 DSAMP basepage.py 88 INFO : 小睡
2023-11-20 14:55:04,231 DSAMP basepage.py 57 INFO : 单击元素：//label[text()='扫描对象']/..//input
2023-11-20 14:55:06,231 DSAMP basepage.py 88 INFO : 小睡
2023-11-20 14:55:06,262 DSAMP basepage.py 57 INFO : 单击元素：//span[text()='确定并执行']
2023-11-20 14:55:08,264 DSAMP basepage.py 88 INFO : 小睡
2023-11-20 14:55:08,343 DSAMP basepage.py 57 INFO : 单击元素：//div[text()='数据库管理']
2023-11-20 14:55:10,343 DSAMP basepage.py 88 INFO : 小睡
2023-11-20 14:55:10,408 DSAMP basepage.py 57 INFO : 单击元素：//div[text()='元数据发现设置']
2023-11-20 14:55:12,410 DSAMP basepage.py 88 INFO : 小睡
2023-11-20 14:55:12,448 DSAMP basepage.py 57 INFO : 单击元素：//i[@class='el-icon el-icon-arrow-right']
2023-11-20 14:55:12,480 DSAMP basepage.py 237 INFO : 断言成功
2023-11-20 14:55:12,581 DSAMP basepage.py 57 INFO : 单击元素：//span[text()='查看']
2023-11-20 14:55:14,582 DSAMP basepage.py 88 INFO : 小睡
2023-11-20 14:55:19,225 DSAMP basepage.py 237 INFO : 断言成功
2023-11-20 14:55:19,292 DSAMP basepage.py 57 INFO : 单击元素：//span[text()='数据资产管理']
2023-11-20 14:55:21,294 DSAMP basepage.py 88 INFO : 小睡
2023-11-20 14:55:21,364 DSAMP basepage.py 57 INFO : 单击元素：//span[text()='数据库授权']
2023-11-20 14:55:23,364 DSAMP basepage.py 88 INFO : 小睡
2023-11-20 14:55:23,390 DSAMP basepage.py 57 INFO : 单击元素：//div[text()='元数据发现设置']
2023-11-20 14:55:23,428 DSAMP basepage.py 57 INFO : 单击元素：//div[text()='创建任务']
2023-11-20 14:55:25,430 DSAMP basepage.py 88 INFO : 小睡
2023-11-20 14:55:25,472 DSAMP basepage.py 57 INFO : 单击元素：//label[text()='扫描对象']/..//input
2023-11-20 14:55:27,473 DSAMP basepage.py 88 INFO : 小睡
2023-11-20 14:55:27,510 DSAMP basepage.py 57 INFO : 单击元素：//div[contains(@style,'position')]//span[contains(text(),'Autotest11_ES1')]
2023-11-20 14:55:29,511 DSAMP basepage.py 88 INFO : 小睡
2023-11-20 14:55:29,540 DSAMP basepage.py 57 INFO : 单击元素：//label[text()='扫描对象']/..//input
2023-11-20 14:55:31,541 DSAMP basepage.py 88 INFO : 小睡
2023-11-20 14:55:31,571 DSAMP basepage.py 57 INFO : 单击元素：//span[text()='确定并执行']
2023-11-20 14:55:33,572 DSAMP basepage.py 88 INFO : 小睡
2023-11-20 14:55:33,639 DSAMP basepage.py 57 INFO : 单击元素：//div[text()='数据库管理']
2023-11-20 14:55:35,641 DSAMP basepage.py 88 INFO : 小睡
2023-11-20 14:55:35,702 DSAMP basepage.py 57 INFO : 单击元素：//div[text()='元数据发现设置']
2023-11-20 14:55:37,703 DSAMP basepage.py 88 INFO : 小睡
2023-11-20 14:55:37,812 DSAMP basepage.py 239 ERROR : 断言失败
2023-11-20 14:55:42,263 DSAMP tools.py 23 ERROR : 生成测试报告失败
