2023-11-20 14:18:42,257 DSAMP conftest.py 71 INFO : 测试类开始执行
2023-11-20 14:18:42,541 DSAMP basepage.py 35 INFO : 访问网页：https://10.45.116.152/#/login
2023-11-20 14:18:43,485 DSAMP basepage.py 68 INFO : 元素内容被清空：//input[@placeholder='请输入用户名']
2023-11-20 14:18:43,549 DSAMP basepage.py 78 INFO : 元素被输入内容：//input[@placeholder='请输入用户名']
2023-11-20 14:18:43,691 DSAMP basepage.py 68 INFO : 元素内容被清空：//input[@placeholder='请输入登录密码']
2023-11-20 14:18:43,776 DSAMP basepage.py 78 INFO : 元素被输入内容：//input[@placeholder='请输入登录密码']
2023-11-20 14:18:43,820 DSAMP basepage.py 57 INFO : 单击元素：//button[contains(@class,'login-btn')]
2023-11-20 14:18:45,821 DSAMP basepage.py 88 INFO : 小睡
2023-11-20 14:18:45,842 DSAMP basepage.py 98 INFO : 元素定位成功：//img[@class='slide-canvas']
2023-11-20 14:18:45,900 DSAMP basepage.py 98 INFO : 元素定位成功：//img[@class='slide-block']
2023-11-20 14:18:45,942 DSAMP basepage.py 98 INFO : 元素定位成功：//div[@id='slider-button']
2023-11-20 14:18:48,568 DSAMP basepage.py 88 INFO : 小睡
2023-11-20 14:18:58,844 DSAMP basepage.py 57 INFO : 单击元素：//button[contains(@class,'login-btn')]
2023-11-20 14:19:00,845 DSAMP basepage.py 88 INFO : 小睡
2023-11-20 14:19:00,862 DSAMP basepage.py 98 INFO : 元素定位成功：//img[@class='slide-canvas']
2023-11-20 14:19:00,918 DSAMP basepage.py 98 INFO : 元素定位成功：//img[@class='slide-block']
2023-11-20 14:19:00,953 DSAMP basepage.py 98 INFO : 元素定位成功：//div[@id='slider-button']
2023-11-20 14:19:08,728 DSAMP basepage.py 88 INFO : 小睡
2023-11-20 14:19:19,021 DSAMP basepage.py 57 INFO : 单击元素：//button[contains(@class,'login-btn')]
2023-11-20 14:19:21,022 DSAMP basepage.py 88 INFO : 小睡
2023-11-20 14:19:21,034 DSAMP basepage.py 98 INFO : 元素定位成功：//img[@class='slide-canvas']
2023-11-20 14:19:21,073 DSAMP basepage.py 98 INFO : 元素定位成功：//img[@class='slide-block']
2023-11-20 14:19:21,106 DSAMP basepage.py 98 INFO : 元素定位成功：//div[@id='slider-button']
2023-11-20 14:19:29,392 DSAMP basepage.py 88 INFO : 小睡
2023-11-20 14:19:39,716 DSAMP basepage.py 57 INFO : 单击元素：//button[contains(@class,'login-btn')]
2023-11-20 14:19:41,718 DSAMP basepage.py 88 INFO : 小睡
2023-11-20 14:19:41,733 DSAMP basepage.py 98 INFO : 元素定位成功：//img[@class='slide-canvas']
2023-11-20 14:19:41,782 DSAMP basepage.py 98 INFO : 元素定位成功：//img[@class='slide-block']
2023-11-20 14:19:41,818 DSAMP basepage.py 98 INFO : 元素定位成功：//div[@id='slider-button']
2023-11-20 14:19:49,626 DSAMP basepage.py 88 INFO : 小睡
2023-11-20 14:19:59,918 DSAMP basepage.py 57 INFO : 单击元素：//button[contains(@class,'login-btn')]
2023-11-20 14:20:01,919 DSAMP basepage.py 88 INFO : 小睡
2023-11-20 14:20:01,933 DSAMP basepage.py 98 INFO : 元素定位成功：//img[@class='slide-canvas']
2023-11-20 14:20:01,976 DSAMP basepage.py 98 INFO : 元素定位成功：//img[@class='slide-block']
2023-11-20 14:20:02,012 DSAMP basepage.py 98 INFO : 元素定位成功：//div[@id='slider-button']
2023-11-20 14:20:07,703 DSAMP basepage.py 88 INFO : 小睡
2023-11-20 14:20:18,025 DSAMP basepage.py 57 INFO : 单击元素：//button[contains(@class,'login-btn')]
2023-11-20 14:20:20,026 DSAMP basepage.py 88 INFO : 小睡
2023-11-20 14:20:20,038 DSAMP basepage.py 98 INFO : 元素定位成功：//img[@class='slide-canvas']
2023-11-20 14:20:20,073 DSAMP basepage.py 98 INFO : 元素定位成功：//img[@class='slide-block']
2023-11-20 14:20:20,108 DSAMP basepage.py 98 INFO : 元素定位成功：//div[@id='slider-button']
2023-11-20 14:20:26,048 DSAMP basepage.py 88 INFO : 小睡
2023-11-20 14:20:26,106 DSAMP basepage.py 98 INFO : 元素定位成功：//div[@class='menu']
2023-11-20 14:20:26,132 DSAMP conftest.py 74 INFO : 已成功登录
2023-11-20 14:20:39,211 DSAMP tools.py 25 INFO : 生成测试报告成功，报告目录为D:\pythonworkspace\Auto_test_5\report\2023-11-20-14-20-26
