2023-11-20 16:38:00,157 DSAMP conftest.py 72 INFO : 测试类开始执行
2023-11-20 16:38:10,849 DSAMP basepage.py 35 INFO : 访问网页：https://10.45.116.152/#/login
2023-11-20 16:38:11,916 DSAMP basepage.py 68 INFO : 元素内容被清空：//input[@placeholder='请输入用户名']
2023-11-20 16:38:11,966 DSAMP basepage.py 78 INFO : 元素被输入内容：//input[@placeholder='请输入用户名']
2023-11-20 16:38:12,088 DSAMP basepage.py 68 INFO : 元素内容被清空：//input[@placeholder='请输入登录密码']
2023-11-20 16:38:12,161 DSAMP basepage.py 78 INFO : 元素被输入内容：//input[@placeholder='请输入登录密码']
2023-11-20 16:38:12,197 DSAMP basepage.py 57 INFO : 单击元素：//button[contains(@class,'login-btn')]
2023-11-20 16:38:14,198 DSAMP basepage.py 88 INFO : 小睡
2023-11-20 16:38:14,216 DSAMP basepage.py 98 INFO : 元素定位成功：//img[@class='slide-canvas']
2023-11-20 16:38:14,268 DSAMP basepage.py 98 INFO : 元素定位成功：//img[@class='slide-block']
2023-11-20 16:38:14,308 DSAMP basepage.py 98 INFO : 元素定位成功：//div[@id='slider-button']
2023-11-20 16:38:22,313 DSAMP basepage.py 88 INFO : 小睡
2023-11-20 16:38:32,558 DSAMP basepage.py 57 INFO : 单击元素：//button[contains(@class,'login-btn')]
2023-11-20 16:38:34,560 DSAMP basepage.py 88 INFO : 小睡
2023-11-20 16:38:34,592 DSAMP basepage.py 98 INFO : 元素定位成功：//img[@class='slide-canvas']
2023-11-20 16:38:34,627 DSAMP basepage.py 98 INFO : 元素定位成功：//img[@class='slide-block']
2023-11-20 16:38:34,657 DSAMP basepage.py 98 INFO : 元素定位成功：//div[@id='slider-button']
2023-11-20 16:38:40,122 DSAMP basepage.py 88 INFO : 小睡
2023-11-20 16:38:40,133 DSAMP basepage.py 98 INFO : 元素定位成功：//div[@class='menu']
2023-11-20 16:38:40,177 DSAMP conftest.py 75 INFO : 已成功登录
2023-11-20 16:38:40,924 DSAMP basepage.py 57 INFO : 单击元素：//span[text()='数据分类分级']
2023-11-20 16:38:42,926 DSAMP basepage.py 88 INFO : 小睡
2023-11-20 16:38:42,965 DSAMP basepage.py 57 INFO : 单击元素：//span[text()='分类分级任务']
2023-11-20 16:38:43,134 DSAMP basepage.py 57 INFO : 单击元素：//span[text()='创建任务']
2023-11-20 16:38:45,136 DSAMP basepage.py 88 INFO : 小睡
2023-11-20 16:38:45,241 DSAMP basepage.py 68 INFO : 元素内容被清空：//input[@placeholder='请输入任务名称']
2023-11-20 16:38:45,365 DSAMP basepage.py 78 INFO : 元素被输入内容：//input[@placeholder='请输入任务名称']
2023-11-20 16:38:47,367 DSAMP basepage.py 88 INFO : 小睡
2023-11-20 16:38:47,412 DSAMP basepage.py 57 INFO : 单击元素：//input[@placeholder='请选择（数据连接名称）']
2023-11-20 16:38:49,413 DSAMP basepage.py 88 INFO : 小睡
2023-11-20 16:38:49,481 DSAMP basepage.py 57 INFO : 单击元素：//span[contains(text(),'Autotest11_MySQL')]
2023-11-20 16:38:51,482 DSAMP basepage.py 88 INFO : 小睡
2023-11-20 16:38:51,518 DSAMP basepage.py 57 INFO : 单击元素：//span[text()='数据库']/..//input[@type='radio']
2023-11-20 16:38:53,518 DSAMP basepage.py 88 INFO : 小睡
2023-11-20 16:38:53,547 DSAMP basepage.py 57 INFO : 单击元素：//span[text()='auto_test']/..//input[@type='checkbox']
2023-11-20 16:38:55,548 DSAMP basepage.py 88 INFO : 小睡
2023-11-20 16:38:55,579 DSAMP basepage.py 57 INFO : 单击元素：//span[text()='单次']/..//input[@type='radio']
2023-11-20 16:38:57,580 DSAMP basepage.py 88 INFO : 小睡
2023-11-20 16:38:57,618 DSAMP basepage.py 57 INFO : 单击元素：//span[text()='创建']
2023-11-20 16:38:59,619 DSAMP basepage.py 88 INFO : 小睡
2023-11-20 16:38:59,741 DSAMP basepage.py 68 INFO : 元素内容被清空：//input[@placeholder='请输入任务名称/任务描述关键字']
2023-11-20 16:38:59,844 DSAMP basepage.py 78 INFO : 元素被输入内容：//input[@placeholder='请输入任务名称/任务描述关键字']
2023-11-20 16:38:59,879 DSAMP basepage.py 57 INFO : 单击元素：//span[text()='查询']
2023-11-20 16:39:01,881 DSAMP basepage.py 88 INFO : 小睡
2023-11-20 16:41:02,232 DSAMP basepage.py 57 INFO : 单击元素：//span[text()='查询']
2023-11-20 16:41:04,233 DSAMP basepage.py 88 INFO : 小睡
2023-11-20 16:43:04,789 DSAMP basepage.py 57 INFO : 单击元素：//span[text()='查询']
2023-11-20 16:43:06,790 DSAMP basepage.py 88 INFO : 小睡
2023-11-20 16:43:06,832 DSAMP basepage.py 237 INFO : 断言成功
2023-11-20 16:43:06,877 DSAMP basepage.py 57 INFO : 单击元素：//span[text()='详情']
2023-11-20 16:43:08,879 DSAMP basepage.py 88 INFO : 小睡
2023-11-20 16:43:08,929 DSAMP basepage.py 98 INFO : 元素定位成功：//div[text()='命中率：']/..//div[@class='value']
2023-11-20 16:43:08,964 DSAMP basepage.py 264 INFO : 断言成功
2023-11-20 16:43:10,965 DSAMP basepage.py 88 INFO : 小睡
2023-11-20 16:43:10,977 DSAMP basepage.py 237 INFO : 断言成功
2023-11-20 16:43:11,027 DSAMP basepage.py 57 INFO : 单击元素：//span[text()='数据分类分级']
2023-11-20 16:43:13,029 DSAMP basepage.py 88 INFO : 小睡
2023-11-20 16:43:13,112 DSAMP basepage.py 57 INFO : 单击元素：//span[text()='分类分级任务']
2023-11-20 16:43:13,232 DSAMP basepage.py 57 INFO : 单击元素：//span[text()='创建任务']
2023-11-20 16:43:15,233 DSAMP basepage.py 88 INFO : 小睡
2023-11-20 16:43:15,387 DSAMP basepage.py 68 INFO : 元素内容被清空：//input[@placeholder='请输入任务名称']
2023-11-20 16:43:15,569 DSAMP basepage.py 78 INFO : 元素被输入内容：//input[@placeholder='请输入任务名称']
2023-11-20 16:43:17,571 DSAMP basepage.py 88 INFO : 小睡
2023-11-20 16:43:17,642 DSAMP basepage.py 57 INFO : 单击元素：//input[@placeholder='请选择（数据连接名称）']
2023-11-20 16:43:19,643 DSAMP basepage.py 88 INFO : 小睡
2023-11-20 16:43:19,712 DSAMP basepage.py 57 INFO : 单击元素：//span[contains(text(),'Autotest11_PostgreSQL')]
2023-11-20 16:43:21,713 DSAMP basepage.py 88 INFO : 小睡
2023-11-20 16:43:21,757 DSAMP basepage.py 57 INFO : 单击元素：//span[text()='数据库']/..//input[@type='radio']
2023-11-20 16:43:23,758 DSAMP basepage.py 88 INFO : 小睡
2023-11-20 16:43:23,794 DSAMP basepage.py 57 INFO : 单击元素：//span[text()='auto_test']/..//input[@type='checkbox']
2023-11-20 16:43:25,796 DSAMP basepage.py 88 INFO : 小睡
2023-11-20 16:43:25,836 DSAMP basepage.py 57 INFO : 单击元素：//span[text()='单次']/..//input[@type='radio']
2023-11-20 16:43:27,836 DSAMP basepage.py 88 INFO : 小睡
2023-11-20 16:43:27,873 DSAMP basepage.py 57 INFO : 单击元素：//span[text()='创建']
2023-11-20 16:43:29,875 DSAMP basepage.py 88 INFO : 小睡
2023-11-20 16:43:30,041 DSAMP basepage.py 68 INFO : 元素内容被清空：//input[@placeholder='请输入任务名称/任务描述关键字']
2023-11-20 16:43:30,194 DSAMP basepage.py 78 INFO : 元素被输入内容：//input[@placeholder='请输入任务名称/任务描述关键字']
2023-11-20 16:43:30,238 DSAMP basepage.py 57 INFO : 单击元素：//span[text()='查询']
2023-11-20 16:43:32,239 DSAMP basepage.py 88 INFO : 小睡
2023-11-20 16:45:32,502 DSAMP basepage.py 57 INFO : 单击元素：//span[text()='查询']
2023-11-20 16:45:34,503 DSAMP basepage.py 88 INFO : 小睡
2023-11-20 16:47:34,751 DSAMP basepage.py 57 INFO : 单击元素：//span[text()='查询']
2023-11-20 16:47:36,752 DSAMP basepage.py 88 INFO : 小睡
2023-11-20 16:47:36,794 DSAMP basepage.py 237 INFO : 断言成功
2023-11-20 16:47:36,889 DSAMP basepage.py 57 INFO : 单击元素：//span[text()='详情']
2023-11-20 16:47:38,891 DSAMP basepage.py 88 INFO : 小睡
2023-11-20 16:47:38,963 DSAMP basepage.py 98 INFO : 元素定位成功：//div[text()='命中率：']/..//div[@class='value']
2023-11-20 16:47:39,016 DSAMP basepage.py 264 INFO : 断言成功
2023-11-20 16:47:41,017 DSAMP basepage.py 88 INFO : 小睡
2023-11-20 16:47:41,033 DSAMP basepage.py 237 INFO : 断言成功
2023-11-20 16:47:41,085 DSAMP basepage.py 57 INFO : 单击元素：//span[text()='数据分类分级']
2023-11-20 16:47:43,087 DSAMP basepage.py 88 INFO : 小睡
2023-11-20 16:47:43,175 DSAMP basepage.py 57 INFO : 单击元素：//span[text()='分类分级任务']
2023-11-20 16:47:43,307 DSAMP basepage.py 57 INFO : 单击元素：//span[text()='创建任务']
2023-11-20 16:47:45,309 DSAMP basepage.py 88 INFO : 小睡
2023-11-20 16:47:45,482 DSAMP basepage.py 68 INFO : 元素内容被清空：//input[@placeholder='请输入任务名称']
2023-11-20 16:47:45,945 DSAMP basepage.py 78 INFO : 元素被输入内容：//input[@placeholder='请输入任务名称']
2023-11-20 16:47:47,947 DSAMP basepage.py 88 INFO : 小睡
2023-11-20 16:47:48,004 DSAMP basepage.py 57 INFO : 单击元素：//input[@placeholder='请选择（数据连接名称）']
2023-11-20 16:47:50,005 DSAMP basepage.py 88 INFO : 小睡
2023-11-20 16:48:00,252 DSAMP tools.py 23 ERROR : 生成测试报告失败
