2023-11-20 14:12:18,193 DSAMP conftest.py 71 INFO : 测试类开始执行
2023-11-20 14:12:28,237 DSAMP basepage.py 35 INFO : 访问网页：https://10.45.116.152/#/login
2023-11-20 14:12:29,047 DSAMP basepage.py 68 INFO : 元素内容被清空：//input[@placeholder='请输入用户名']
2023-11-20 14:12:29,108 DSAMP basepage.py 78 INFO : 元素被输入内容：//input[@placeholder='请输入用户名']
2023-11-20 14:12:29,248 DSAMP basepage.py 68 INFO : 元素内容被清空：//input[@placeholder='请输入登录密码']
2023-11-20 14:12:29,332 DSAMP basepage.py 78 INFO : 元素被输入内容：//input[@placeholder='请输入登录密码']
2023-11-20 14:12:29,370 DSAMP basepage.py 57 INFO : 单击元素：//button[contains(@class,'login-btn')]
2023-11-20 14:12:31,371 DSAMP basepage.py 88 INFO : 小睡
2023-11-20 14:12:31,387 DSAMP basepage.py 98 INFO : 元素定位成功：//img[@class='slide-canvas']
2023-11-20 14:12:31,439 DSAMP basepage.py 98 INFO : 元素定位成功：//img[@class='slide-block']
2023-11-20 14:12:31,480 DSAMP basepage.py 98 INFO : 元素定位成功：//div[@id='slider-button']
2023-11-20 14:12:39,553 DSAMP basepage.py 88 INFO : 小睡
2023-11-20 14:12:49,904 DSAMP basepage.py 57 INFO : 单击元素：//button[contains(@class,'login-btn')]
2023-11-20 14:12:51,905 DSAMP basepage.py 88 INFO : 小睡
2023-11-20 14:12:51,930 DSAMP basepage.py 98 INFO : 元素定位成功：//img[@class='slide-canvas']
2023-11-20 14:12:51,978 DSAMP basepage.py 98 INFO : 元素定位成功：//img[@class='slide-block']
2023-11-20 14:12:54,003 DSAMP basepage.py 88 INFO : 小睡
2023-11-20 14:12:54,022 DSAMP basepage.py 98 INFO : 元素定位成功：//img[@class='slide-canvas']
2023-11-20 14:12:54,067 DSAMP basepage.py 98 INFO : 元素定位成功：//img[@class='slide-block']
2023-11-20 14:12:56,092 DSAMP basepage.py 88 INFO : 小睡
2023-11-20 14:12:56,108 DSAMP basepage.py 98 INFO : 元素定位成功：//img[@class='slide-canvas']
2023-11-20 14:12:56,153 DSAMP basepage.py 98 INFO : 元素定位成功：//img[@class='slide-block']
2023-11-20 14:12:58,177 DSAMP basepage.py 88 INFO : 小睡
2023-11-20 14:12:58,192 DSAMP basepage.py 98 INFO : 元素定位成功：//img[@class='slide-canvas']
2023-11-20 14:12:58,235 DSAMP basepage.py 98 INFO : 元素定位成功：//img[@class='slide-block']
2023-11-20 14:13:00,260 DSAMP basepage.py 88 INFO : 小睡
2023-11-20 14:13:00,274 DSAMP basepage.py 98 INFO : 元素定位成功：//img[@class='slide-canvas']
2023-11-20 14:13:00,317 DSAMP basepage.py 98 INFO : 元素定位成功：//img[@class='slide-block']
2023-11-20 14:13:02,347 DSAMP basepage.py 88 INFO : 小睡
2023-11-20 14:13:02,369 DSAMP basepage.py 98 INFO : 元素定位成功：//img[@class='slide-canvas']
2023-11-20 14:13:02,415 DSAMP basepage.py 98 INFO : 元素定位成功：//img[@class='slide-block']
2023-11-20 14:13:04,440 DSAMP basepage.py 88 INFO : 小睡
2023-11-20 14:13:04,458 DSAMP basepage.py 98 INFO : 元素定位成功：//img[@class='slide-canvas']
2023-11-20 14:13:04,499 DSAMP basepage.py 98 INFO : 元素定位成功：//img[@class='slide-block']
2023-11-20 14:13:06,522 DSAMP basepage.py 88 INFO : 小睡
2023-11-20 14:13:06,537 DSAMP basepage.py 98 INFO : 元素定位成功：//img[@class='slide-canvas']
2023-11-20 14:13:06,582 DSAMP basepage.py 98 INFO : 元素定位成功：//img[@class='slide-block']
2023-11-20 14:13:08,607 DSAMP basepage.py 88 INFO : 小睡
2023-11-20 14:13:08,635 DSAMP basepage.py 98 INFO : 元素定位成功：//img[@class='slide-canvas']
2023-11-20 14:13:08,680 DSAMP basepage.py 98 INFO : 元素定位成功：//img[@class='slide-block']
2023-11-20 14:13:10,705 DSAMP basepage.py 88 INFO : 小睡
2023-11-20 14:13:10,720 DSAMP basepage.py 98 INFO : 元素定位成功：//img[@class='slide-canvas']
2023-11-20 14:13:10,761 DSAMP basepage.py 98 INFO : 元素定位成功：//img[@class='slide-block']
2023-11-20 14:13:12,792 DSAMP basepage.py 88 INFO : 小睡
2023-11-20 14:13:12,808 DSAMP basepage.py 98 INFO : 元素定位成功：//img[@class='slide-canvas']
2023-11-20 14:13:12,853 DSAMP basepage.py 98 INFO : 元素定位成功：//img[@class='slide-block']
2023-11-20 14:13:14,878 DSAMP basepage.py 88 INFO : 小睡
2023-11-20 14:13:14,892 DSAMP basepage.py 98 INFO : 元素定位成功：//img[@class='slide-canvas']
2023-11-20 14:13:14,936 DSAMP basepage.py 98 INFO : 元素定位成功：//img[@class='slide-block']
2023-11-20 14:13:16,962 DSAMP basepage.py 88 INFO : 小睡
2023-11-20 14:13:16,976 DSAMP basepage.py 98 INFO : 元素定位成功：//img[@class='slide-canvas']
2023-11-20 14:13:17,017 DSAMP basepage.py 98 INFO : 元素定位成功：//img[@class='slide-block']
2023-11-20 14:13:19,047 DSAMP basepage.py 88 INFO : 小睡
2023-11-20 14:13:19,084 DSAMP basepage.py 98 INFO : 元素定位成功：//img[@class='slide-canvas']
2023-11-20 14:13:19,130 DSAMP basepage.py 98 INFO : 元素定位成功：//img[@class='slide-block']
2023-11-20 14:13:21,154 DSAMP basepage.py 88 INFO : 小睡
2023-11-20 14:13:21,169 DSAMP basepage.py 98 INFO : 元素定位成功：//img[@class='slide-canvas']
2023-11-20 14:13:21,216 DSAMP basepage.py 98 INFO : 元素定位成功：//img[@class='slide-block']
2023-11-20 14:13:23,241 DSAMP basepage.py 88 INFO : 小睡
2023-11-20 14:13:23,257 DSAMP basepage.py 98 INFO : 元素定位成功：//img[@class='slide-canvas']
2023-11-20 14:13:23,301 DSAMP basepage.py 98 INFO : 元素定位成功：//img[@class='slide-block']
2023-11-20 14:13:25,326 DSAMP basepage.py 88 INFO : 小睡
2023-11-20 14:13:25,341 DSAMP basepage.py 98 INFO : 元素定位成功：//img[@class='slide-canvas']
2023-11-20 14:13:25,386 DSAMP basepage.py 98 INFO : 元素定位成功：//img[@class='slide-block']
2023-11-20 14:13:27,414 DSAMP basepage.py 88 INFO : 小睡
2023-11-20 14:13:27,430 DSAMP basepage.py 98 INFO : 元素定位成功：//img[@class='slide-canvas']
2023-11-20 14:13:27,473 DSAMP basepage.py 98 INFO : 元素定位成功：//img[@class='slide-block']
2023-11-20 14:13:29,500 DSAMP basepage.py 88 INFO : 小睡
2023-11-20 14:13:29,515 DSAMP basepage.py 98 INFO : 元素定位成功：//img[@class='slide-canvas']
2023-11-20 14:13:29,558 DSAMP basepage.py 98 INFO : 元素定位成功：//img[@class='slide-block']
2023-11-20 14:13:31,588 DSAMP basepage.py 88 INFO : 小睡
2023-11-20 14:13:31,603 DSAMP basepage.py 98 INFO : 元素定位成功：//img[@class='slide-canvas']
2023-11-20 14:13:31,648 DSAMP basepage.py 98 INFO : 元素定位成功：//img[@class='slide-block']
2023-11-20 14:13:33,672 DSAMP basepage.py 88 INFO : 小睡
2023-11-20 14:13:33,690 DSAMP basepage.py 98 INFO : 元素定位成功：//img[@class='slide-canvas']
2023-11-20 14:13:33,734 DSAMP basepage.py 98 INFO : 元素定位成功：//img[@class='slide-block']
2023-11-20 14:13:35,759 DSAMP basepage.py 88 INFO : 小睡
2023-11-20 14:13:35,776 DSAMP basepage.py 98 INFO : 元素定位成功：//img[@class='slide-canvas']
2023-11-20 14:13:35,819 DSAMP basepage.py 98 INFO : 元素定位成功：//img[@class='slide-block']
2023-11-20 14:13:37,845 DSAMP basepage.py 88 INFO : 小睡
2023-11-20 14:13:37,860 DSAMP basepage.py 98 INFO : 元素定位成功：//img[@class='slide-canvas']
2023-11-20 14:13:37,903 DSAMP basepage.py 98 INFO : 元素定位成功：//img[@class='slide-block']
2023-11-20 14:13:39,927 DSAMP basepage.py 88 INFO : 小睡
2023-11-20 14:13:39,941 DSAMP basepage.py 98 INFO : 元素定位成功：//img[@class='slide-canvas']
2023-11-20 14:13:39,985 DSAMP basepage.py 98 INFO : 元素定位成功：//img[@class='slide-block']
2023-11-20 14:13:42,013 DSAMP basepage.py 88 INFO : 小睡
2023-11-20 14:13:42,051 DSAMP basepage.py 98 INFO : 元素定位成功：//img[@class='slide-canvas']
2023-11-20 14:13:42,100 DSAMP basepage.py 98 INFO : 元素定位成功：//img[@class='slide-block']
2023-11-20 14:13:44,124 DSAMP basepage.py 88 INFO : 小睡
2023-11-20 14:13:44,139 DSAMP basepage.py 98 INFO : 元素定位成功：//img[@class='slide-canvas']
2023-11-20 14:13:44,186 DSAMP basepage.py 98 INFO : 元素定位成功：//img[@class='slide-block']
2023-11-20 14:13:46,211 DSAMP basepage.py 88 INFO : 小睡
2023-11-20 14:13:46,227 DSAMP basepage.py 98 INFO : 元素定位成功：//img[@class='slide-canvas']
2023-11-20 14:13:46,270 DSAMP basepage.py 98 INFO : 元素定位成功：//img[@class='slide-block']
2023-11-20 14:13:48,298 DSAMP basepage.py 88 INFO : 小睡
2023-11-20 14:13:48,313 DSAMP basepage.py 98 INFO : 元素定位成功：//img[@class='slide-canvas']
2023-11-20 14:13:48,357 DSAMP basepage.py 98 INFO : 元素定位成功：//img[@class='slide-block']
2023-11-20 14:13:50,391 DSAMP basepage.py 88 INFO : 小睡
2023-11-20 14:13:50,427 DSAMP basepage.py 98 INFO : 元素定位成功：//img[@class='slide-canvas']
2023-11-20 14:13:50,483 DSAMP basepage.py 98 INFO : 元素定位成功：//img[@class='slide-block']
2023-11-20 14:13:52,510 DSAMP basepage.py 88 INFO : 小睡
2023-11-20 14:13:52,548 DSAMP basepage.py 98 INFO : 元素定位成功：//img[@class='slide-canvas']
2023-11-20 14:13:52,610 DSAMP basepage.py 98 INFO : 元素定位成功：//img[@class='slide-block']
2023-11-20 14:13:54,648 DSAMP basepage.py 88 INFO : 小睡
2023-11-20 14:13:54,672 DSAMP basepage.py 98 INFO : 元素定位成功：//img[@class='slide-canvas']
2023-11-20 14:13:54,717 DSAMP basepage.py 98 INFO : 元素定位成功：//img[@class='slide-block']
2023-11-20 14:13:56,742 DSAMP basepage.py 88 INFO : 小睡
2023-11-20 14:13:56,757 DSAMP basepage.py 98 INFO : 元素定位成功：//img[@class='slide-canvas']
2023-11-20 14:13:56,800 DSAMP basepage.py 98 INFO : 元素定位成功：//img[@class='slide-block']
2023-11-20 14:13:58,827 DSAMP basepage.py 88 INFO : 小睡
2023-11-20 14:13:58,842 DSAMP basepage.py 98 INFO : 元素定位成功：//img[@class='slide-canvas']
2023-11-20 14:13:58,885 DSAMP basepage.py 98 INFO : 元素定位成功：//img[@class='slide-block']
2023-11-20 14:14:00,912 DSAMP basepage.py 88 INFO : 小睡
2023-11-20 14:14:00,926 DSAMP basepage.py 98 INFO : 元素定位成功：//img[@class='slide-canvas']
2023-11-20 14:14:00,970 DSAMP basepage.py 98 INFO : 元素定位成功：//img[@class='slide-block']
2023-11-20 14:14:02,999 DSAMP basepage.py 88 INFO : 小睡
2023-11-20 14:14:03,015 DSAMP basepage.py 98 INFO : 元素定位成功：//img[@class='slide-canvas']
2023-11-20 14:14:03,059 DSAMP basepage.py 98 INFO : 元素定位成功：//img[@class='slide-block']
2023-11-20 14:14:05,087 DSAMP basepage.py 88 INFO : 小睡
2023-11-20 14:14:05,102 DSAMP basepage.py 98 INFO : 元素定位成功：//img[@class='slide-canvas']
2023-11-20 14:14:05,159 DSAMP basepage.py 98 INFO : 元素定位成功：//img[@class='slide-block']
2023-11-20 14:14:07,187 DSAMP basepage.py 88 INFO : 小睡
2023-11-20 14:14:07,201 DSAMP basepage.py 98 INFO : 元素定位成功：//img[@class='slide-canvas']
2023-11-20 14:14:07,245 DSAMP basepage.py 98 INFO : 元素定位成功：//img[@class='slide-block']
2023-11-20 14:14:09,269 DSAMP basepage.py 88 INFO : 小睡
2023-11-20 14:14:09,285 DSAMP basepage.py 98 INFO : 元素定位成功：//img[@class='slide-canvas']
2023-11-20 14:14:09,332 DSAMP basepage.py 98 INFO : 元素定位成功：//img[@class='slide-block']
2023-11-20 14:14:11,357 DSAMP basepage.py 88 INFO : 小睡
2023-11-20 14:14:11,372 DSAMP basepage.py 98 INFO : 元素定位成功：//img[@class='slide-canvas']
2023-11-20 14:14:11,421 DSAMP basepage.py 98 INFO : 元素定位成功：//img[@class='slide-block']
2023-11-20 14:14:13,446 DSAMP basepage.py 88 INFO : 小睡
2023-11-20 14:14:13,462 DSAMP basepage.py 98 INFO : 元素定位成功：//img[@class='slide-canvas']
2023-11-20 14:14:13,505 DSAMP basepage.py 98 INFO : 元素定位成功：//img[@class='slide-block']
2023-11-20 14:14:15,528 DSAMP basepage.py 88 INFO : 小睡
2023-11-20 14:14:15,544 DSAMP basepage.py 98 INFO : 元素定位成功：//img[@class='slide-canvas']
2023-11-20 14:14:15,587 DSAMP basepage.py 98 INFO : 元素定位成功：//img[@class='slide-block']
2023-11-20 14:14:17,611 DSAMP basepage.py 88 INFO : 小睡
2023-11-20 14:14:17,627 DSAMP basepage.py 98 INFO : 元素定位成功：//img[@class='slide-canvas']
2023-11-20 14:14:17,679 DSAMP basepage.py 98 INFO : 元素定位成功：//img[@class='slide-block']
2023-11-20 14:14:19,709 DSAMP basepage.py 88 INFO : 小睡
2023-11-20 14:14:19,723 DSAMP basepage.py 98 INFO : 元素定位成功：//img[@class='slide-canvas']
2023-11-20 14:14:19,769 DSAMP basepage.py 98 INFO : 元素定位成功：//img[@class='slide-block']
2023-11-20 14:14:21,794 DSAMP basepage.py 88 INFO : 小睡
2023-11-20 14:14:21,812 DSAMP basepage.py 98 INFO : 元素定位成功：//img[@class='slide-canvas']
2023-11-20 14:14:21,857 DSAMP basepage.py 98 INFO : 元素定位成功：//img[@class='slide-block']
2023-11-20 14:14:23,882 DSAMP basepage.py 88 INFO : 小睡
2023-11-20 14:14:23,899 DSAMP basepage.py 98 INFO : 元素定位成功：//img[@class='slide-canvas']
2023-11-20 14:14:23,944 DSAMP basepage.py 98 INFO : 元素定位成功：//img[@class='slide-block']
2023-11-20 14:14:25,971 DSAMP basepage.py 88 INFO : 小睡
2023-11-20 14:14:26,004 DSAMP basepage.py 98 INFO : 元素定位成功：//img[@class='slide-canvas']
2023-11-20 14:14:26,048 DSAMP basepage.py 98 INFO : 元素定位成功：//img[@class='slide-block']
2023-11-20 14:14:28,073 DSAMP basepage.py 88 INFO : 小睡
2023-11-20 14:14:28,088 DSAMP basepage.py 98 INFO : 元素定位成功：//img[@class='slide-canvas']
2023-11-20 14:14:28,133 DSAMP basepage.py 98 INFO : 元素定位成功：//img[@class='slide-block']
2023-11-20 14:14:30,158 DSAMP basepage.py 88 INFO : 小睡
2023-11-20 14:14:30,173 DSAMP basepage.py 98 INFO : 元素定位成功：//img[@class='slide-canvas']
2023-11-20 14:14:30,217 DSAMP basepage.py 98 INFO : 元素定位成功：//img[@class='slide-block']
2023-11-20 14:14:32,241 DSAMP basepage.py 88 INFO : 小睡
2023-11-20 14:14:32,262 DSAMP basepage.py 98 INFO : 元素定位成功：//img[@class='slide-canvas']
2023-11-20 14:14:32,306 DSAMP basepage.py 98 INFO : 元素定位成功：//img[@class='slide-block']
2023-11-20 14:14:34,331 DSAMP basepage.py 88 INFO : 小睡
2023-11-20 14:14:34,347 DSAMP basepage.py 98 INFO : 元素定位成功：//img[@class='slide-canvas']
2023-11-20 14:14:34,389 DSAMP basepage.py 98 INFO : 元素定位成功：//img[@class='slide-block']
2023-11-20 14:14:36,414 DSAMP basepage.py 88 INFO : 小睡
2023-11-20 14:14:36,427 DSAMP basepage.py 98 INFO : 元素定位成功：//img[@class='slide-canvas']
2023-11-20 14:14:36,470 DSAMP basepage.py 98 INFO : 元素定位成功：//img[@class='slide-block']
2023-11-20 14:14:38,498 DSAMP basepage.py 88 INFO : 小睡
2023-11-20 14:14:38,513 DSAMP basepage.py 98 INFO : 元素定位成功：//img[@class='slide-canvas']
2023-11-20 14:14:38,557 DSAMP basepage.py 98 INFO : 元素定位成功：//img[@class='slide-block']
2023-11-20 14:14:40,582 DSAMP basepage.py 88 INFO : 小睡
2023-11-20 14:14:40,596 DSAMP basepage.py 98 INFO : 元素定位成功：//img[@class='slide-canvas']
2023-11-20 14:14:40,639 DSAMP basepage.py 98 INFO : 元素定位成功：//img[@class='slide-block']
2023-11-20 14:14:42,667 DSAMP basepage.py 88 INFO : 小睡
2023-11-20 14:14:42,681 DSAMP basepage.py 98 INFO : 元素定位成功：//img[@class='slide-canvas']
2023-11-20 14:14:42,724 DSAMP basepage.py 98 INFO : 元素定位成功：//img[@class='slide-block']
2023-11-20 14:14:44,749 DSAMP basepage.py 88 INFO : 小睡
2023-11-20 14:14:44,763 DSAMP basepage.py 98 INFO : 元素定位成功：//img[@class='slide-canvas']
2023-11-20 14:14:44,806 DSAMP basepage.py 98 INFO : 元素定位成功：//img[@class='slide-block']
2023-11-20 14:14:46,832 DSAMP basepage.py 88 INFO : 小睡
2023-11-20 14:14:46,846 DSAMP basepage.py 98 INFO : 元素定位成功：//img[@class='slide-canvas']
2023-11-20 14:14:46,893 DSAMP basepage.py 98 INFO : 元素定位成功：//img[@class='slide-block']
2023-11-20 14:14:48,928 DSAMP basepage.py 88 INFO : 小睡
2023-11-20 14:14:48,942 DSAMP basepage.py 98 INFO : 元素定位成功：//img[@class='slide-canvas']
2023-11-20 14:14:48,989 DSAMP basepage.py 98 INFO : 元素定位成功：//img[@class='slide-block']
2023-11-20 14:14:51,013 DSAMP basepage.py 88 INFO : 小睡
2023-11-20 14:14:51,028 DSAMP basepage.py 98 INFO : 元素定位成功：//img[@class='slide-canvas']
2023-11-20 14:14:51,073 DSAMP basepage.py 98 INFO : 元素定位成功：//img[@class='slide-block']
2023-11-20 14:14:53,100 DSAMP basepage.py 88 INFO : 小睡
2023-11-20 14:14:53,115 DSAMP basepage.py 98 INFO : 元素定位成功：//img[@class='slide-canvas']
2023-11-20 14:14:53,161 DSAMP basepage.py 98 INFO : 元素定位成功：//img[@class='slide-block']
2023-11-20 14:14:55,185 DSAMP basepage.py 88 INFO : 小睡
2023-11-20 14:14:55,199 DSAMP basepage.py 98 INFO : 元素定位成功：//img[@class='slide-canvas']
2023-11-20 14:14:55,243 DSAMP basepage.py 98 INFO : 元素定位成功：//img[@class='slide-block']
2023-11-20 14:14:57,271 DSAMP basepage.py 88 INFO : 小睡
2023-11-20 14:14:57,286 DSAMP basepage.py 98 INFO : 元素定位成功：//img[@class='slide-canvas']
2023-11-20 14:14:57,328 DSAMP basepage.py 98 INFO : 元素定位成功：//img[@class='slide-block']
2023-11-20 14:14:59,356 DSAMP basepage.py 88 INFO : 小睡
2023-11-20 14:14:59,371 DSAMP basepage.py 98 INFO : 元素定位成功：//img[@class='slide-canvas']
2023-11-20 14:14:59,415 DSAMP basepage.py 98 INFO : 元素定位成功：//img[@class='slide-block']
2023-11-20 14:15:01,443 DSAMP basepage.py 88 INFO : 小睡
2023-11-20 14:15:01,461 DSAMP basepage.py 98 INFO : 元素定位成功：//img[@class='slide-canvas']
2023-11-20 14:15:01,504 DSAMP basepage.py 98 INFO : 元素定位成功：//img[@class='slide-block']
2023-11-20 14:15:03,529 DSAMP basepage.py 88 INFO : 小睡
2023-11-20 14:15:03,544 DSAMP basepage.py 98 INFO : 元素定位成功：//img[@class='slide-canvas']
2023-11-20 14:15:03,588 DSAMP basepage.py 98 INFO : 元素定位成功：//img[@class='slide-block']
2023-11-20 14:15:05,616 DSAMP basepage.py 88 INFO : 小睡
2023-11-20 14:15:05,629 DSAMP basepage.py 98 INFO : 元素定位成功：//img[@class='slide-canvas']
2023-11-20 14:15:05,672 DSAMP basepage.py 98 INFO : 元素定位成功：//img[@class='slide-block']
2023-11-20 14:15:07,702 DSAMP basepage.py 88 INFO : 小睡
2023-11-20 14:15:07,717 DSAMP basepage.py 98 INFO : 元素定位成功：//img[@class='slide-canvas']
2023-11-20 14:15:07,760 DSAMP basepage.py 98 INFO : 元素定位成功：//img[@class='slide-block']
2023-11-20 14:15:09,789 DSAMP basepage.py 88 INFO : 小睡
2023-11-20 14:15:09,804 DSAMP basepage.py 98 INFO : 元素定位成功：//img[@class='slide-canvas']
2023-11-20 14:15:09,850 DSAMP basepage.py 98 INFO : 元素定位成功：//img[@class='slide-block']
2023-11-20 14:15:11,876 DSAMP basepage.py 88 INFO : 小睡
2023-11-20 14:15:11,898 DSAMP basepage.py 98 INFO : 元素定位成功：//img[@class='slide-canvas']
2023-11-20 14:15:11,944 DSAMP basepage.py 98 INFO : 元素定位成功：//img[@class='slide-block']
2023-11-20 14:15:13,969 DSAMP basepage.py 88 INFO : 小睡
2023-11-20 14:15:13,984 DSAMP basepage.py 98 INFO : 元素定位成功：//img[@class='slide-canvas']
2023-11-20 14:15:14,031 DSAMP basepage.py 98 INFO : 元素定位成功：//img[@class='slide-block']
2023-11-20 14:15:16,056 DSAMP basepage.py 88 INFO : 小睡
2023-11-20 14:15:16,070 DSAMP basepage.py 98 INFO : 元素定位成功：//img[@class='slide-canvas']
2023-11-20 14:15:16,115 DSAMP basepage.py 98 INFO : 元素定位成功：//img[@class='slide-block']
2023-11-20 14:15:18,139 DSAMP basepage.py 88 INFO : 小睡
2023-11-20 14:15:18,159 DSAMP basepage.py 98 INFO : 元素定位成功：//img[@class='slide-canvas']
2023-11-20 14:15:18,202 DSAMP basepage.py 98 INFO : 元素定位成功：//img[@class='slide-block']
2023-11-20 14:15:20,226 DSAMP basepage.py 88 INFO : 小睡
2023-11-20 14:15:20,242 DSAMP basepage.py 98 INFO : 元素定位成功：//img[@class='slide-canvas']
2023-11-20 14:15:20,284 DSAMP basepage.py 98 INFO : 元素定位成功：//img[@class='slide-block']
2023-11-20 14:15:22,309 DSAMP basepage.py 88 INFO : 小睡
2023-11-20 14:15:22,324 DSAMP basepage.py 98 INFO : 元素定位成功：//img[@class='slide-canvas']
2023-11-20 14:15:22,368 DSAMP basepage.py 98 INFO : 元素定位成功：//img[@class='slide-block']
2023-11-20 14:15:24,392 DSAMP basepage.py 88 INFO : 小睡
2023-11-20 14:15:24,406 DSAMP basepage.py 98 INFO : 元素定位成功：//img[@class='slide-canvas']
2023-11-20 14:15:24,450 DSAMP basepage.py 98 INFO : 元素定位成功：//img[@class='slide-block']
2023-11-20 14:15:26,474 DSAMP basepage.py 88 INFO : 小睡
2023-11-20 14:15:26,490 DSAMP basepage.py 98 INFO : 元素定位成功：//img[@class='slide-canvas']
2023-11-20 14:15:26,534 DSAMP basepage.py 98 INFO : 元素定位成功：//img[@class='slide-block']
2023-11-20 14:15:28,566 DSAMP basepage.py 88 INFO : 小睡
2023-11-20 14:15:28,581 DSAMP basepage.py 98 INFO : 元素定位成功：//img[@class='slide-canvas']
2023-11-20 14:15:28,623 DSAMP basepage.py 98 INFO : 元素定位成功：//img[@class='slide-block']
2023-11-20 14:15:30,655 DSAMP basepage.py 88 INFO : 小睡
2023-11-20 14:15:30,672 DSAMP basepage.py 98 INFO : 元素定位成功：//img[@class='slide-canvas']
2023-11-20 14:15:30,716 DSAMP basepage.py 98 INFO : 元素定位成功：//img[@class='slide-block']
2023-11-20 14:15:32,743 DSAMP basepage.py 88 INFO : 小睡
2023-11-20 14:15:32,756 DSAMP basepage.py 98 INFO : 元素定位成功：//img[@class='slide-canvas']
2023-11-20 14:15:32,813 DSAMP basepage.py 98 INFO : 元素定位成功：//img[@class='slide-block']
2023-11-20 14:15:34,840 DSAMP basepage.py 88 INFO : 小睡
2023-11-20 14:15:34,854 DSAMP basepage.py 98 INFO : 元素定位成功：//img[@class='slide-canvas']
2023-11-20 14:15:34,897 DSAMP basepage.py 98 INFO : 元素定位成功：//img[@class='slide-block']
2023-11-20 14:15:36,920 DSAMP basepage.py 88 INFO : 小睡
2023-11-20 14:15:36,937 DSAMP basepage.py 98 INFO : 元素定位成功：//img[@class='slide-canvas']
2023-11-20 14:15:36,981 DSAMP basepage.py 98 INFO : 元素定位成功：//img[@class='slide-block']
2023-11-20 14:15:39,004 DSAMP basepage.py 88 INFO : 小睡
2023-11-20 14:15:39,021 DSAMP basepage.py 98 INFO : 元素定位成功：//img[@class='slide-canvas']
2023-11-20 14:15:39,066 DSAMP basepage.py 98 INFO : 元素定位成功：//img[@class='slide-block']
2023-11-20 14:15:41,091 DSAMP basepage.py 88 INFO : 小睡
2023-11-20 14:15:41,105 DSAMP basepage.py 98 INFO : 元素定位成功：//img[@class='slide-canvas']
2023-11-20 14:15:41,153 DSAMP basepage.py 98 INFO : 元素定位成功：//img[@class='slide-block']
2023-11-20 14:15:43,182 DSAMP basepage.py 88 INFO : 小睡
2023-11-20 14:15:43,197 DSAMP basepage.py 98 INFO : 元素定位成功：//img[@class='slide-canvas']
2023-11-20 14:15:43,240 DSAMP basepage.py 98 INFO : 元素定位成功：//img[@class='slide-block']
2023-11-20 14:15:45,269 DSAMP basepage.py 88 INFO : 小睡
2023-11-20 14:15:45,285 DSAMP basepage.py 98 INFO : 元素定位成功：//img[@class='slide-canvas']
2023-11-20 14:15:45,330 DSAMP basepage.py 98 INFO : 元素定位成功：//img[@class='slide-block']
2023-11-20 14:15:47,362 DSAMP basepage.py 88 INFO : 小睡
2023-11-20 14:15:47,376 DSAMP basepage.py 98 INFO : 元素定位成功：//img[@class='slide-canvas']
2023-11-20 14:15:47,424 DSAMP basepage.py 98 INFO : 元素定位成功：//img[@class='slide-block']
2023-11-20 14:15:49,454 DSAMP basepage.py 88 INFO : 小睡
2023-11-20 14:15:49,471 DSAMP basepage.py 98 INFO : 元素定位成功：//img[@class='slide-canvas']
2023-11-20 14:15:49,519 DSAMP basepage.py 98 INFO : 元素定位成功：//img[@class='slide-block']
2023-11-20 14:15:51,544 DSAMP basepage.py 88 INFO : 小睡
2023-11-20 14:15:51,560 DSAMP basepage.py 98 INFO : 元素定位成功：//img[@class='slide-canvas']
2023-11-20 14:15:51,604 DSAMP basepage.py 98 INFO : 元素定位成功：//img[@class='slide-block']
2023-11-20 14:15:53,631 DSAMP basepage.py 88 INFO : 小睡
2023-11-20 14:15:53,646 DSAMP basepage.py 98 INFO : 元素定位成功：//img[@class='slide-canvas']
2023-11-20 14:15:53,690 DSAMP basepage.py 98 INFO : 元素定位成功：//img[@class='slide-block']
2023-11-20 14:15:55,718 DSAMP basepage.py 88 INFO : 小睡
2023-11-20 14:15:55,732 DSAMP basepage.py 98 INFO : 元素定位成功：//img[@class='slide-canvas']
2023-11-20 14:15:55,778 DSAMP basepage.py 98 INFO : 元素定位成功：//img[@class='slide-block']
2023-11-20 14:15:57,805 DSAMP basepage.py 88 INFO : 小睡
2023-11-20 14:15:57,818 DSAMP basepage.py 98 INFO : 元素定位成功：//img[@class='slide-canvas']
2023-11-20 14:15:57,865 DSAMP basepage.py 98 INFO : 元素定位成功：//img[@class='slide-block']
2023-11-20 14:15:59,892 DSAMP basepage.py 88 INFO : 小睡
2023-11-20 14:15:59,906 DSAMP basepage.py 98 INFO : 元素定位成功：//img[@class='slide-canvas']
2023-11-20 14:15:59,949 DSAMP basepage.py 98 INFO : 元素定位成功：//img[@class='slide-block']
2023-11-20 14:16:01,975 DSAMP basepage.py 88 INFO : 小睡
2023-11-20 14:16:01,990 DSAMP basepage.py 98 INFO : 元素定位成功：//img[@class='slide-canvas']
2023-11-20 14:16:02,033 DSAMP basepage.py 98 INFO : 元素定位成功：//img[@class='slide-block']
2023-11-20 14:16:04,060 DSAMP basepage.py 88 INFO : 小睡
2023-11-20 14:16:04,074 DSAMP basepage.py 98 INFO : 元素定位成功：//img[@class='slide-canvas']
2023-11-20 14:16:04,116 DSAMP basepage.py 98 INFO : 元素定位成功：//img[@class='slide-block']
2023-11-20 14:16:06,141 DSAMP basepage.py 88 INFO : 小睡
2023-11-20 14:16:06,156 DSAMP basepage.py 98 INFO : 元素定位成功：//img[@class='slide-canvas']
2023-11-20 14:16:06,199 DSAMP basepage.py 98 INFO : 元素定位成功：//img[@class='slide-block']
2023-11-20 14:16:08,228 DSAMP basepage.py 88 INFO : 小睡
2023-11-20 14:16:08,242 DSAMP basepage.py 98 INFO : 元素定位成功：//img[@class='slide-canvas']
2023-11-20 14:16:08,287 DSAMP basepage.py 98 INFO : 元素定位成功：//img[@class='slide-block']
2023-11-20 14:16:10,312 DSAMP basepage.py 88 INFO : 小睡
2023-11-20 14:16:10,346 DSAMP basepage.py 98 INFO : 元素定位成功：//img[@class='slide-canvas']
2023-11-20 14:16:10,393 DSAMP basepage.py 98 INFO : 元素定位成功：//img[@class='slide-block']
2023-11-20 14:16:12,422 DSAMP basepage.py 88 INFO : 小睡
2023-11-20 14:16:12,438 DSAMP basepage.py 98 INFO : 元素定位成功：//img[@class='slide-canvas']
2023-11-20 14:16:12,483 DSAMP basepage.py 98 INFO : 元素定位成功：//img[@class='slide-block']
2023-11-20 14:16:14,507 DSAMP basepage.py 88 INFO : 小睡
2023-11-20 14:16:14,527 DSAMP basepage.py 98 INFO : 元素定位成功：//img[@class='slide-canvas']
2023-11-20 14:16:14,569 DSAMP basepage.py 98 INFO : 元素定位成功：//img[@class='slide-block']
2023-11-20 14:16:16,594 DSAMP basepage.py 88 INFO : 小睡
2023-11-20 14:16:16,610 DSAMP basepage.py 98 INFO : 元素定位成功：//img[@class='slide-canvas']
2023-11-20 14:16:16,652 DSAMP basepage.py 98 INFO : 元素定位成功：//img[@class='slide-block']
2023-11-20 14:16:18,675 DSAMP basepage.py 88 INFO : 小睡
2023-11-20 14:16:18,691 DSAMP basepage.py 98 INFO : 元素定位成功：//img[@class='slide-canvas']
2023-11-20 14:16:18,747 DSAMP basepage.py 98 INFO : 元素定位成功：//img[@class='slide-block']
2023-11-20 14:16:20,777 DSAMP basepage.py 88 INFO : 小睡
2023-11-20 14:16:20,790 DSAMP basepage.py 98 INFO : 元素定位成功：//img[@class='slide-canvas']
2023-11-20 14:16:20,836 DSAMP basepage.py 98 INFO : 元素定位成功：//img[@class='slide-block']
2023-11-20 14:16:22,861 DSAMP basepage.py 88 INFO : 小睡
2023-11-20 14:16:22,876 DSAMP basepage.py 98 INFO : 元素定位成功：//img[@class='slide-canvas']
2023-11-20 14:16:22,921 DSAMP basepage.py 98 INFO : 元素定位成功：//img[@class='slide-block']
2023-11-20 14:16:24,949 DSAMP basepage.py 88 INFO : 小睡
2023-11-20 14:16:24,963 DSAMP basepage.py 98 INFO : 元素定位成功：//img[@class='slide-canvas']
2023-11-20 14:16:25,007 DSAMP basepage.py 98 INFO : 元素定位成功：//img[@class='slide-block']
2023-11-20 14:16:27,032 DSAMP basepage.py 88 INFO : 小睡
2023-11-20 14:16:27,048 DSAMP basepage.py 98 INFO : 元素定位成功：//img[@class='slide-canvas']
2023-11-20 14:16:27,100 DSAMP basepage.py 98 INFO : 元素定位成功：//img[@class='slide-block']
2023-11-20 14:16:29,128 DSAMP basepage.py 88 INFO : 小睡
2023-11-20 14:16:29,141 DSAMP basepage.py 98 INFO : 元素定位成功：//img[@class='slide-canvas']
2023-11-20 14:16:29,187 DSAMP basepage.py 98 INFO : 元素定位成功：//img[@class='slide-block']
2023-11-20 14:16:31,211 DSAMP basepage.py 88 INFO : 小睡
2023-11-20 14:16:31,226 DSAMP basepage.py 98 INFO : 元素定位成功：//img[@class='slide-canvas']
2023-11-20 14:16:31,273 DSAMP basepage.py 98 INFO : 元素定位成功：//img[@class='slide-block']
2023-11-20 14:16:33,297 DSAMP basepage.py 88 INFO : 小睡
2023-11-20 14:16:33,312 DSAMP basepage.py 98 INFO : 元素定位成功：//img[@class='slide-canvas']
2023-11-20 14:16:33,354 DSAMP basepage.py 98 INFO : 元素定位成功：//img[@class='slide-block']
2023-11-20 14:16:35,383 DSAMP basepage.py 88 INFO : 小睡
2023-11-20 14:16:35,399 DSAMP basepage.py 98 INFO : 元素定位成功：//img[@class='slide-canvas']
2023-11-20 14:16:35,444 DSAMP basepage.py 98 INFO : 元素定位成功：//img[@class='slide-block']
2023-11-20 14:16:37,470 DSAMP basepage.py 88 INFO : 小睡
2023-11-20 14:16:37,486 DSAMP basepage.py 98 INFO : 元素定位成功：//img[@class='slide-canvas']
2023-11-20 14:16:37,533 DSAMP basepage.py 98 INFO : 元素定位成功：//img[@class='slide-block']
2023-11-20 14:16:39,559 DSAMP basepage.py 88 INFO : 小睡
2023-11-20 14:16:39,576 DSAMP basepage.py 98 INFO : 元素定位成功：//img[@class='slide-canvas']
2023-11-20 14:16:39,620 DSAMP basepage.py 98 INFO : 元素定位成功：//img[@class='slide-block']
2023-11-20 14:16:41,646 DSAMP basepage.py 88 INFO : 小睡
2023-11-20 14:16:41,664 DSAMP basepage.py 98 INFO : 元素定位成功：//img[@class='slide-canvas']
2023-11-20 14:16:41,707 DSAMP basepage.py 98 INFO : 元素定位成功：//img[@class='slide-block']
2023-11-20 14:16:43,732 DSAMP basepage.py 88 INFO : 小睡
2023-11-20 14:16:43,747 DSAMP basepage.py 98 INFO : 元素定位成功：//img[@class='slide-canvas']
2023-11-20 14:16:43,790 DSAMP basepage.py 98 INFO : 元素定位成功：//img[@class='slide-block']
2023-11-20 14:16:45,816 DSAMP basepage.py 88 INFO : 小睡
2023-11-20 14:16:45,843 DSAMP basepage.py 98 INFO : 元素定位成功：//img[@class='slide-canvas']
2023-11-20 14:16:45,890 DSAMP basepage.py 98 INFO : 元素定位成功：//img[@class='slide-block']
2023-11-20 14:16:47,917 DSAMP basepage.py 88 INFO : 小睡
2023-11-20 14:16:47,933 DSAMP basepage.py 98 INFO : 元素定位成功：//img[@class='slide-canvas']
2023-11-20 14:16:47,980 DSAMP basepage.py 98 INFO : 元素定位成功：//img[@class='slide-block']
2023-11-20 14:16:50,013 DSAMP basepage.py 88 INFO : 小睡
2023-11-20 14:16:50,028 DSAMP basepage.py 98 INFO : 元素定位成功：//img[@class='slide-canvas']
2023-11-20 14:17:03,608 DSAMP tools.py 25 INFO : 生成测试报告成功，报告目录为D:\pythonworkspace\Auto_test_5\report\2023-11-20-14-16-51
